[16:0:43.41] Global cache location '/Users/math/Library/Caches/typescript/3.9', safe file path '/usr/local/lib/node_modules/typescript/lib/typingsafelist.json', types map path /usr/local/lib/node_modules/typescript/lib/typesmap.json
[16:0:43.42] Processing cache location '/Users/math/Library/Caches/typescript/3.9'
[16:0:43.42] Trying to find '/Users/math/Library/Caches/typescript/3.9/package.json'...
[16:0:43.45] Loaded content of '/Users/math/Library/Caches/typescript/3.9/package.json': {"private":true,"dependencies":{"types-registry":"^0.1.517"},"devDependencies":{"@types/classnames":"^2.2.11","@types/object-assign":"^4.0.30","@types/prop-types":"^15.7.3","@types/react":"^17.0.0"}}
[16:0:43.45] Loaded content of '/Users/math/Library/Caches/typescript/3.9/package-lock.json'
[16:0:43.55] Adding entry into typings cache: 'classnames' => '/Users/math/Library/Caches/typescript/3.9/node_modules/@types/classnames/index.d.ts'
[16:0:43.58] Adding entry into typings cache: 'object-assign' => '/Users/math/Library/Caches/typescript/3.9/node_modules/@types/object-assign/index.d.ts'
[16:0:43.61] Adding entry into typings cache: 'prop-types' => '/Users/math/Library/Caches/typescript/3.9/node_modules/@types/prop-types/index.d.ts'
[16:0:43.65] Adding entry into typings cache: 'react' => '/Users/math/Library/Caches/typescript/3.9/node_modules/@types/react/index.d.ts'
[16:0:43.65] Finished processing cache location '/Users/math/Library/Caches/typescript/3.9'
[16:0:43.65] Process id: 20700
[16:0:43.65] NPM location: /usr/local/lib/node_modules/node/bin/npm (explicit '--npmLocation' not  provided)
[16:0:43.66] validateDefaultNpmLocation: false
[16:0:43.66] Npm config file: /Users/math/Library/Caches/typescript/3.9/package.json
[16:0:43.66] Updating types-registry npm package...
[16:0:43.66] Exec: /usr/local/lib/node_modules/node/bin/npm install --ignore-scripts types-registry@latest
[16:0:44.809]     Succeeded. stdout:
    + types-registry@0.1.517
    updated 1 package and audited 6 packages in 0.704s
found 0 vulnerabilities


[16:0:44.809] Updated types-registry npm package
